-0.138143 0.00990442
-0.118875 0.0081381
-0.0895481 0.00678805
-0.0522322 0.00711612
-0.0097932 0.0108135
0.0346768 0.0199207
0.0784257 0.0365052
0.119496 0.0620394
0.156977 0.096633
0.191016 0.138569
0.222591 0.184589
0.253093 0.230869
0.283837 0.274124
0.315574 0.312207
0.348154 0.344102
0.38038 0.369564
0.410129 0.388764
0.434684 0.402096
0.451258 0.410098
0.457569 0.41341
0.452381 0.412734
0.43588 0.408802
0.409813 0.402358
0.377354 0.394176
0.342701 0.385082
0.310489 0.375976
0.28511 0.367841
0.270069 0.36172
0.267484 0.358645
0.277833 0.35954
0.299978 0.365101
0.331455 0.375681
0.368982 0.391239
0.409073 0.411335
0.448633 0.435195
0.485445 0.461828
0.518433 0.49015
0.547678 0.519103
0.574185 0.547741
0.599467 0.575283
0.625032 0.601137
0.651898 0.6249
0.680225 0.646348
0.709169 0.66541
0.736967 0.68215
0.761254 0.696729
0.779549 0.709377
0.789797 0.720363
0.790875 0.729961
0.782928 0.738427
0.767484 0.745969
0.747297 0.752736
0.725949 0.758808
0.707276 0.764205
0.694726 0.768903
0.690767 0.772862
0.696461 0.776051
0.71128 0.778468
0.733208 0.780145
0.759104 0.781145
0.785264 0.781558
0.808067 0.781486
0.824594 0.781033
0.833102 0.780302
0.833264 0.779385
0.826143 0.778367
0.813901 0.777322
0.799328 0.77632
0.785265 0.775428
0.774059 0.774711
0.767141 0.774239
0.764827 0.774095
0.766358 0.77437
0.770181 0.775179
0.774391 0.776661
0.777253 0.77898
0.777675 0.782333
0.775538 0.786941
0.771807 0.793042
0.768388 0.800867
0.76776 0.810606
0.772451 0.822358
0.784462 0.836075
0.804752 0.851513
0.832898 0.868202
0.866999 0.885458
0.903858 0.902438
0.939413 0.918218
0.969341 0.931871
0.989731 0.942499
0.997705 0.949204
0.991861 0.951011
0.972475 0.946753
0.941414 0.935033
0.901786 0.914393
0.8574 0.883903
0.812132 0.844209
0.769319 0.798518
0.731309 0.75237
0.699219 0.71159
0.672958 0.679799
0.651493 0.657556
0.633283 0.643335
0.616797 0.634982
0.600992 0.630616
0.585641 0.628885
0.571462 0.628903
0.559991 0.630095
0.553244 0.632076
0.553225 0.634557
0.561394 0.637299
0.5782 0.640087
0.602786 0.642713
0.632937 0.644975
0.665293 0.646673
0.695793 0.647611
0.720282 0.6476
0.735163 0.646456
0.737974 0.644005
0.727788 0.640082
0.70535 0.634536
0.67293 0.627233
0.633921 0.618058
0.592253 0.606925
0.551736 0.593783
0.515447 0.578629
0.485287 0.561512
0.461769 0.542551
0.444081 0.521938
0.430397 0.499944
0.418365 0.476917
0.405666 0.453268
0.390539 0.429446
0.372149 0.405892
0.350744 0.382991
0.327555 0.361013
0.304475 0.340066
0.28359 0.320091
0.266651 0.300894
0.254618 0.282227
0.247359 0.263873
0.243588 0.245706
0.241048 0.227717
0.236923 0.209988
0.22838 0.192655
0.213164 0.175866
0.190091 0.159754
0.159373 0.144418
0.122672 0.129924
0.0828981 0.1163
0.0437475 0.103546
0.00909558 0.0916378
-0.0176646 0.0805317
-0.0342062 0.0701675
-0.0396704 0.0604731
-0.0348096 0.0513642
-0.0218491 0.0427467
-0.00409543 0.0345148
0.0146315 0.0265508
0.0306316 0.0187243
0.0409083 0.0108897
0.0435867 0.00288481
0.0380996 -0.0054693
0.0251142 -0.0143691
0.00622051 -0.0240263
-0.0165377 -0.0346662
-0.0411942 -0.0465266
-0.0663323 -0.0598652
-0.0914022 -0.0749893
-0.116815 -0.0923342
-0.143794 -0.112626
-0.174014 -0.137146
-0.209111 -0.16797
-0.250153 -0.207653
-0.29721 -0.257313
-0.349097 -0.31326
-0.403371 -0.366503
-0.456583 -0.408703
-0.504758 -0.437733
-0.544011 -0.456312
-0.571189 -0.468094
-0.584413 -0.475794
-0.583435 -0.48108
-0.569707 -0.484917
-0.546184 -0.487871
-0.516863 -0.490292
-0.486168 -0.492413
-0.458274 -0.494409
-0.436509 -0.496422
-0.422924 -0.498589
-0.418123 -0.501045
-0.421358 -0.503939
-0.430866 -0.50744
-0.444374 -0.511738
-0.459655 -0.517049
-0.475035 -0.523613
-0.489727 -0.531684
-0.503951 -0.541512
-0.518797 -0.553316
-0.535884 -0.567241
-0.556883 -0.583312
-0.582999 -0.601387
-0.614553 -0.621127
-0.650729 -0.641996
-0.689566 -0.663308
-0.7282 -0.684308
-0.76331 -0.70428
-0.791701 -0.722637
-0.810894 -0.738985
-0.819611 -0.753135
-0.818063 -0.765081
-0.807975 -0.774948
-0.792333 -0.782946
-0.774899 -0.789322
-0.759584 -0.794327
-0.749789 -0.798196
-0.747841 -0.801135
-0.754623 -0.803321
-0.769471 -0.804901
-0.790344 -0.805992
-0.814245 -0.80669
-0.837792 -0.80707
-0.857838 -0.807192
-0.872021 -0.807101
-0.879131 -0.806836
-0.879243 -0.806427
-0.873587 -0.805898
-0.864188 -0.805272
-0.853376 -0.804567
-0.843245 -0.803805
-0.835196 -0.803004
-0.829649 -0.802189
-0.825991 -0.801384
-0.822763 -0.800622
-0.818055 -0.799939
-0.810012 -0.799379
-0.797368 -0.798995
-0.779856 -0.798851
-0.758444 -0.799019
-0.7353 -0.799584
-0.713518 -0.800643
-0.696614 -0.802302
-0.68792 -0.804675
-0.689956 -0.807879
-0.70393 -0.812027
-0.729438 -0.817215
-0.764445 -0.823509
-0.805549 -0.830918
-0.848469 -0.839369
-0.888696 -0.848662
-0.922155 -0.858421
-0.945792 -0.868029
-0.957952 -0.876571
-0.958507 -0.882806
-0.948708 -0.885261
-0.9308 -0.882531
-0.907498 -0.873827
-0.881413 -0.859516
-0.854557 -0.841154
-0.828029 -0.820779
-0.801923 -0.799992
-0.775488 -0.779557
-0.747488 -0.759631
-0.71668 -0.740166
-0.682311 -0.721138
-0.644504 -0.702588
-0.604471 -0.684588
-0.564463 -0.667202
-0.527496 -0.650473
-0.496864 -0.634418
-0.475558 -0.619036
-0.465684 -0.604306
-0.46801 -0.590196
-0.481727 -0.576666
-0.504486 -0.563668
-0.5327 -0.551154
-0.562076 -0.539072
-0.588266 -0.52737
-0.607536 -0.515998
-0.617315 -0.504908
-0.616538 -0.494053
-0.605715 -0.483389
-0.586727 -0.472875
-0.562384 -0.462475
-0.535844 -0.452156
-0.510005 -0.44189
-0.486984 -0.431653
-0.467785 -0.421427
-0.452214 -0.411199
-0.439051 -0.400958
-0.426424 -0.390699
-0.412319 -0.380416
-0.3951 -0.370103
-0.373937 -0.359751
-0.349039 -0.349341
-0.32166 -0.338841
-0.293854 -0.328197
-0.268042 -0.317327
-0.246478 -0.30611
-0.230721 -0.294374
-0.221229 -0.281884
-0.217156 -0.268333
-0.216424 -0.253339
-0.216028 -0.236458
-0.212557 -0.217215
-0.202817 -0.195184
-0.184436 -0.17009
-0.156343 -0.141947
-0.119025 -0.111164
-0.0745026 -0.0785797
-0.0260363 -0.0453642
0.0223925 -0.0128065
0.066726 0.0179297
0.10348 0.045995
0.130286 0.0709282
0.146215 0.0926229
0.15185 0.111237
0.149075 0.127084
0.140653 0.140548
0.129664 0.152021
0.118936 0.161865
0.110564 0.170401
0.105618 0.177902
0.104097 0.184597
0.105119 0.190679
0.107311 0.196314
0.109301 0.201654
0.110206 0.206849
0.110006 0.212068
0.109717 0.217523
0.111322 0.223503
0.117459 0.230424
0.130931 0.238895
0.154125 0.249797
0.188463 0.26434
0.23399 0.284061
0.289191 0.310605
0.351089 0.345166
0.4156 0.387559
0.478103 0.435373
0.534108 0.484096
0.579921 0.528625
0.613166 0.565235
0.633087 0.592507
0.640568 0.610889
0.637877 0.621692
0.628195 0.626331
0.615009 0.626033
0.601499 0.62188
0.590038 0.614964
0.58188 0.606497
0.577108 0.597768
0.57483 0.589959
0.573573 0.58394
0.571781 0.58017
0.568322 0.578775
0.562872 0.579723
0.556108 0.583007
0.549652 0.588722
0.545793 0.597014
0.547024 0.607883
0.555492 0.62093
0.572491 0.635255
0.598083 0.649687
0.63095 0.663255
0.668505 0.675517
0.707255 0.686541
0.743355 0.696666
0.773247 0.706273
0.794264 0.715656
0.805098 0.725001
0.806015 0.734394
0.798808 0.743848
0.786463 0.753326
0.772636 0.762766
0.760999 0.772092
0.754613 0.781227
0.755427 0.790102
0.763995 0.798655
0.779459 0.806839
0.7998 0.814619
0.822286 0.821969
0.844042 0.828875
0.862609 0.835329
0.876386 0.841326
0.884875 0.84686
0.888672 0.851917
0.88923 0.856466
0.888431 0.860452
0.888068 0.863771
0.889363 0.866253
0.892601 0.867629
0.896987 0.867499
0.900746 0.865317
0.901458 0.860422
0.896563 0.852187
0.883939 0.840301
0.862434 0.825131
0.83224 0.807904
0.795027 0.790441
0.75381 0.774521
0.712555 0.761295
0.675587 0.751112
0.646931 0.743724
0.629666 0.738592
0.625454 0.735125
0.634291 0.732804
0.65455 0.731221
0.68329 0.730077
0.716776 0.729158
0.751109 0.728315
0.78283 0.727446
0.809416 0.726476
0.829556 0.725354
0.843165 0.724041
0.851157 0.722503
0.855032 0.720712
0.85636 0.718644
0.8563 0.716272
0.855226 0.713572
0.852576 0.710518
0.846933 0.707083
0.836336 0.70324
0.818749 0.69896
0.792599 0.694214
0.757258 0.688974
0.713374 0.683209
0.662959 0.67689
0.609226 0.66999
0.556168 0.662482
0.507981 0.654342
0.468399 0.645546
0.440108 0.636077
0.424304 0.625918
0.420517 0.615059
0.426709 0.603494
0.439637 0.591222
0.455425 0.578247
0.470212 0.564582
0.480778 0.550243
0.485024 0.535253
0.482226 0.519643
0.473007 0.503446
0.459076 0.486706
0.442747 0.469467
0.426395 0.451781
0.411908 0.433701
0.4003 0.415284
0.391504 0.396589
0.384444 0.377675
0.377314 0.358604
0.368037 0.339432
0.354786 0.320218
0.336463 0.301016
0.313027 0.281878
0.285601 0.262851
0.256318 0.243977
0.227956 0.225297
0.203395 0.206843
0.185035 0.188644
0.174267 0.170721
0.171129 0.153093
0.174194 0.135771
0.180739 0.118762
0.187169 0.102069
0.189605 0.0856871
0.184549 0.0696103
0.169484 0.0538268
0.143315 0.0383225
0.10655 0.0230801
0.0612192 0.00808103
0.0104981 -0.0066939
-0.0418135 -0.0212637
-0.0919467 -0.0356438
-0.136741 -0.0498461
-0.174114 -0.0638757
-0.203274 -0.0777293
-0.224693 -0.0913921
-0.239829 -0.104837
-0.250677 -0.118023
-0.259236 -0.130894
-0.267024 -0.143386
-0.274726 -0.155426
-0.28207 -0.166946
-0.287928 -0.17789
-0.290653 -0.18823
-0.288554 -0.197975
-0.28043 -0.207183
-0.266014 -0.215963
-0.246271 -0.224475
-0.223442 -0.232915
-0.200831 -0.24151
-0.182354 -0.250504
-0.171944 -0.260151
-0.172899 -0.270727
-0.187315 -0.282531
-0.215704 -0.295902
-0.256863 -0.311214
-0.308045 -0.328856
-0.365363 -0.349163
-0.424409 -0.372317
-0.48091 -0.398226
-0.531361 -0.426441
-0.573476 -0.456168
-0.60641 -0.486387
-0.630702 -0.516056
-0.647972 -0.544288
-0.660441 -0.570461
-0.670368 -0.594235
-0.679533 -0.615504
-0.688869 -0.634327
-0.698304 -0.650863
-0.70686 -0.665322
-0.712961 -0.677929
-0.714902 -0.688905
-0.711363 -0.698456
-0.70185 -0.706769
-0.686982 -0.71401
-0.668541 -0.720324
-0.649265 -0.725836
-0.63243 -0.730656
-0.621282 -0.734877
-0.618446 -0.738581
-0.62541 -0.741837
-0.6422 -0.744704
-0.667316 -0.747233
-0.697938 -0.74947
-0.730385 -0.751451
-0.760717 -0.75321
-0.785403 -0.754773
-0.801911 -0.756167
-0.809106 -0.757412
-0.807408 -0.758526
-0.798655 -0.759524
-0.785722 -0.760422
-0.771967 -0.761231
-0.760613 -0.76196
-0.75417 -0.762621
-0.754046 -0.763221
-0.760362 -0.763768
-0.772057 -0.764269
-0.787192 -0.76473
-0.80345 -0.765158
-0.818662 -0.765561
-0.831292 -0.765945
-0.84075 -0.76632
-0.847492 -0.766696
-0.85286 -0.767086
-0.858726 -0.767507
-0.866988 -0.767977
-0.879038 -0.768518
-0.895323 -0.769154
-0.915079 -0.769901
-0.936313 -0.770761
-0.956054 -0.771701
-0.970813 -0.772636
-0.977189 -0.773414
-0.972494 -0.773838
-0.955287 -0.773739
-0.925712 -0.773074
-0.88555 -0.771983
-0.838023 -0.770724
-0.787308 -0.769551
-0.737935 -0.76862
-0.694086 -0.767973
-0.659018 -0.767582
-0.634627 -0.767387
-0.621285 -0.767324
-0.617946 -0.767342
-0.622492 -0.767397
-0.632253 -0.767459
-0.644568 -0.767499
-0.657307 -0.767493
-0.669222 -0.767417
-0.680067 -0.767243
-0.690486 -0.766939
-0.701673 -0.766466
-0.71491 -0.765775
-0.731067 -0.764803
-0.750185 -0.763473
-0.771239 -0.761689
-0.792135 -0.759332
-0.809961 -0.756256
-0.821436 -0.752287
-0.823488 -0.747218
-0.813845 -0.740814
-0.791514 -0.732815
-0.757051 -0.722945
-0.71259 -0.710936
-0.661551 -0.696551
-0.608173 -0.679621
-0.556849 -0.660088
-0.511461 -0.638039
-0.474806 -0.613732
-0.448208 -0.5876
-0.431415 -0.56022
-0.422747 -0.532265
-0.419519 -0.504425
-0.418594 -0.477349
-0.417009 -0.451573
-0.412503 -0.427496
-0.403896 -0.405363
-0.391204 -0.385283
-0.37552 -0.367244
-0.358652 -0.351146
-0.342642 -0.336828
-0.329227 -0.324094
-0.319403 -0.312724
-0.313142 -0.3025
-0.30936 -0.293203
-0.306118 -0.284626
-0.301031 -0.276577
-0.291792 -0.268874
-0.276715 -0.261351
-0.255159 -0.253858
-0.227773 -0.246253
-0.196467 -0.238411
-0.164139 -0.230213
-0.13419 -0.221556
-0.109906 -0.212342
-0.0938374 -0.202487
-0.0872999 -0.191916
-0.0900745 -0.180563
-0.100384 -0.168376
-0.11515 -0.155314
-0.130477 -0.141348
-0.142288 -0.126464
-0.146982 -0.110659
-0.141995 -0.0939473
-0.126172 -0.0763561
-0.0998769 -0.0579274
-0.0648212 -0.0387164
-0.0236786 -0.018791
0.0204712 0.001769
0.0647054 0.0228742
0.106781 0.0444281
0.145436 0.0663278
0.180501 0.0884676
0.212718 0.110741
0.243407 0.133042
0.273955 0.155269
0.305346 0.177325
0.337737 0.199121
0.370267 0.220575
0.40108 0.241614
0.4276 0.262175
0.447001 0.282204
0.456773 0.301658
0.455301 0.320502
0.442288 0.338711
0.418987 0.356267
0.388147 0.373159
0.353697 0.389386
0.320206 0.404947
0.292215 0.419853
0.273577 0.434114
0.266893 0.447745
0.273172 0.460767
0.291772 0.473201
0.320604 0.485073
0.356587 0.496411
0.396225 0.50725
0.436245 0.51763
0.474105 0.527601
0.508357 0.537225
0.538721 0.546587
0.565952 0.555801
0.591449 0.565022
0.616781 0.574464
0.64317 0.584417
0.671074 0.595257
0.699974 0.607447
0.728373 0.621492
0.754054 0.637839
0.77451 0.656707
0.787498 0.677875
0.791545 0.700558
0.786373 0.723468
0.773071 0.745114
0.754035 0.764195
0.732639 0.779866
0.712708 0.791797
0.697883 0.800072
0.691 0.805039
0.6936 0.80717
0.705665 0.806971
0.725624 0.804933
0.750646 0.801507
0.777131 0.797098
0.801366 0.792073
0.820143 0.786765
0.831311 0.781487
0.83408 0.776534
0.829087 0.772179
0.818193 0.768657
0.804045 0.766147
0.789531 0.76474
0.77721 0.764433
0.768837 0.765127
0.765091 0.766653
0.765536 0.768816
0.768828 0.771426
0.773122 0.774329
0.776571 0.777409
0.777834 0.780589
0.776459 0.783818
0.773068 0.78706
0.769299 0.790288
0.767498 0.793474
0.77024 0.796589
0.779757 0.799604
0.797385 0.802483
0.823167 0.805193
0.85566 0.807696
0.892053 0.809954
0.928492 0.811925
0.960671 0.81357
0.984473 0.814843
0.996631 0.815698
0.995239 0.816086
0.980036 0.815954
0.952405 0.815244
0.915114 0.813896
0.871813 0.811846
0.826428 0.809028
0.782523 0.805373
0.742802 0.800814
0.708782 0.795289
0.680739 0.788741
0.657898 0.781127
0.638829 0.77242
0.621939 0.762617
0.605985 0.751741
0.590456 0.739848
0.575771 0.727032
0.563233 0.713418
0.554752 0.699166
0.552396 0.684461
0.557851 0.669506
0.571933 0.654507
0.594217 0.639662
0.622914 0.625148
0.654985 0.611109
0.686537 0.597653
0.713371 0.584845
0.731643 0.57271
0.738479 0.561236
0.732431 0.550383
0.713716 0.540085
0.68415 0.530263
0.646826 0.520827
0.605574 0.511683
0.56431 0.50274
0.526406 0.493911
0.49417 0.485114
0.468565 0.476275
0.449178 0.46733
0.43446 0.458222
0.422166 0.448903
0.409906 0.439334
0.395693 0.429483
0.378367 0.419327
0.357833 0.408847
0.335029 0.398034
0.311686 0.386883
0.289887 0.375395
0.271541 0.363575
0.257903 0.351436
0.24921 0.338991
0.244532 0.32626
0.24189 0.313267
0.238588 0.300038
0.231736 0.286603
0.218833 0.272995
0.198311 0.259249
0.169914 0.245401
0.134856 0.231492
0.0956859 0.217561
0.0559121 0.203649
0.0194218 0.189794
-0.0101658 0.176034
-0.0301303 0.1624
-0.0391178 0.148918
-0.0373691 0.135599
-0.0266716 0.122441
-0.0100417 0.109417
0.00879398 0.096472
0.0260327 0.0835151
0.038395 0.0704103
0.0436197 0.0569723
0.0407154 0.0429653
0.0299822 0.0281028
0.0127589 0.0120594
-0.00899562 -0.00551139
-0.0332356 -0.0249478
-0.0583251 -0.0465424
-0.0834183 -0.0704974
-0.108621 -0.0968792
-0.134933 -0.125582
-0.163931 -0.156311
-0.197321 -0.188595
-0.236407 -0.221826
-0.281611 -0.255318
-0.332169 -0.288381
-0.386017 -0.320368
-0.439986 -0.350712
-0.490202 -0.37894
-0.532689 -0.40467
-0.563987 -0.427601
-0.581765 -0.447499
-0.585233 -0.464193
-0.575311 -0.477578
-0.554512 -0.487621
-0.526564 -0.494393
-0.49583 -0.498105
-0.466633 -0.499137
-0.442623 -0.498066
-0.426298 -0.495644
-0.418721 -0.492731
-0.419547 -0.490188
-0.427291 -0.488753
-0.439779 -0.48894
-0.454713 -0.491006
-0.470193 -0.494971
-0.485128 -0.500686
-0.49942 -0.507913
-0.513908 -0.516392
-0.530092 -0.525895
-0.549682 -0.536245
-0.574084 -0.547333
-0.603938 -0.559103
-0.6388 -0.571542
-0.677067 -0.584659
-0.716115 -0.598458
-0.752713 -0.612917
-0.783557 -0.627966
-0.805885 -0.643482
-0.817989 -0.659282
-0.819594 -0.675146
-0.811955 -0.690832
-0.7977 -0.706108
-0.780405 -0.720768
-0.764008 -0.734653
-0.752142 -0.747655
-0.747525 -0.759714
-0.751525 -0.770812
-0.763966 -0.780966
-0.783211 -0.790215
-0.806507 -0.798613
-0.830532 -0.806224
-0.851997 -0.813114
-0.868239 -0.819347
-0.877654 -0.824989
-0.879913 -0.830098
-0.875903 -0.834728
-0.867446 -0.838929
-0.856836 -0.842747
-0.846295 -0.84622
-0.837487 -0.849385
-0.831162 -0.852274
-0.827026 -0.854914
-0.823858 -0.85733
-0.819835 -0.859545
-0.81303 -0.861576
-0.801936 -0.863441
-0.78593 -0.865153
-0.765578 -0.866724
-0.742686 -0.868163
-0.720097 -0.869477
-0.701256 -0.87067
-0.689622 -0.871744
-0.688039 -0.872696
-0.698175 -0.87352
-0.720152 -0.874207
-0.752447 -0.874737
-0.792044 -0.875089
-0.834878 -0.875227
-0.876436 -0.875108
-0.912443 -0.874673
-0.93946 -0.873845
-0.955363 -0.872527
-0.959538 -0.870599
-0.952831 -0.867908
-0.937222 -0.864272
-0.915339 -0.859474
-0.889886 -0.853265
-0.863109 -0.845368
-0.836419 -0.835497
-0.810224 -0.823379
-0.784016 -0.808797
-0.756659 -0.79164
-0.726858 -0.771967
-0.693658 -0.750064
-0.656871 -0.726472
-0.617347 -0.701971
-0.577031 -0.67749
-0.538738 -0.65397
-0.505737 -0.632209
-0.481182 -0.612746
-0.467512 -0.595815
-0.465962 -0.581377
-0.476236 -0.569194
-0.496452 -0.558919
-0.523374 -0.550167
-0.552863 -0.542568
-0.580516 -0.53579
-0.602333 -0.529551
-0.615328 -0.523617
-0.617931 -0.517801
-0.610161 -0.511947
-0.593505 -0.505934
-0.570528 -0.49966
-0.544348 -0.493043
-0.518011 -0.486014
-0.493927 -0.478515
-0.473475 -0.470497
-0.456837 -0.461917
-0.443088 -0.45274
-0.430514 -0.442934
-0.417085 -0.432477
-0.400993 -0.421348
-0.381115 -0.409534
-0.357317 -0.397029
-0.330539 -0.38383
-0.302612 -0.369943
-0.275901 -0.355381
-0.252771 -0.340161
-0.235058 -0.324312
-0.223598 -0.307864
-0.21797 -0.290859
-0.216463 -0.273342
-0.216323 -0.255366
-0.214202 -0.236988
-0.206767 -0.218269
-0.191324 -0.199276
-0.166349 -0.180075
-0.13182 -0.160736
-0.0892883 -0.141329
-0.0416675 -0.121924
0.00722083 -0.102587
0.0532768 -0.0833841
0.0927663 -0.0643766
0.122915 -0.0456223
0.142315 -0.0271742
0.15108 -0.00908022
0.150716 0.00861704
0.14376 0.0258804
0.13326 0.0426785
0.12218 0.058985
0.112888 0.0747791
0.106802 0.0900452
0.10425 0.104772
0.104596 0.118953
0.106574 0.132585
0.108757 0.145669
0.110057 0.15821
0.11015 0.170213
0.109715 0.181687
0.110453 0.192645
0.114838 0.203098
