-0.138645 -0.069738
-0.119378 -0.0412106
-0.0900504 -0.0119016
-0.0527346 0.0180937
-0.0102955 0.0485975
0.0341744 0.0793555
0.0779233 0.11005
0.118993 0.140318
0.156474 0.169768
0.190514 0.198002
0.222088 0.224635
0.252591 0.249307
0.283335 0.271709
0.315072 0.291597
0.347651 0.308807
0.379878 0.323268
0.409626 0.335016
0.434182 0.344195
0.450756 0.351061
0.457067 0.355976
0.451878 0.359387
0.435377 0.361809
0.409311 0.363781
0.376852 0.365834
0.342198 0.368447
0.309986 0.37202
0.284608 0.376859
0.269567 0.383169
0.266982 0.391067
0.277331 0.400588
0.299475 0.411706
0.330952 0.424348
0.36848 0.438401
0.40857 0.45373
0.44813 0.470178
0.484942 0.487579
0.51793 0.50576
0.547175 0.524542
0.573682 0.543751
0.598964 0.563211
0.62453 0.582751
0.651395 0.602205
0.679723 0.621407
0.708667 0.640199
0.736465 0.658426
0.760752 0.675941
0.779046 0.692607
0.789295 0.708301
0.790373 0.72292
0.782426 0.736384
0.766982 0.748641
0.746794 0.759669
0.725446 0.769473
0.706773 0.778088
0.694223 0.785567
0.690265 0.791984
0.695959 0.797421
0.710778 0.801969
0.732706 0.805719
0.758602 0.808761
0.784762 0.811177
0.807565 0.813046
0.824092 0.814437
0.8326 0.815414
0.832762 0.816031
0.82564 0.816335
0.813398 0.816368
0.798825 0.816163
0.784763 0.81575
0.773556 0.815155
0.766639 0.814398
0.764325 0.813496
0.765856 0.812464
0.769679 0.811314
0.773889 0.810055
0.776751 0.808695
0.777173 0.807241
0.775036 0.805698
0.771305 0.80407
0.767886 0.802358
0.767257 0.800566
0.771948 0.798695
0.783959 0.796745
0.80425 0.794716
0.832395 0.792607
0.866496 0.790418
0.903356 0.788146
0.938911 0.78579
0.968838 0.783347
0.989229 0.780813
0.997203 0.778187
0.991359 0.775463
0.971973 0.772638
0.940911 0.769706
0.901284 0.766663
0.856898 0.763502
0.811629 0.760216
0.768817 0.756799
0.730807 0.753243
0.698717 0.749539
0.672456 0.745677
0.65099 0.741648
0.63278 0.737439
0.616295 0.733039
0.600489 0.728434
0.585138 0.723608
0.57096 0.718545
0.559489 0.713226
0.552742 0.707632
0.552722 0.701739
0.560891 0.695525
0.577697 0.688959
0.602283 0.682014
0.632434 0.674655
0.66479 0.666845
0.695291 0.658543
0.71978 0.649705
0.734661 0.640281
0.737472 0.630216
0.727286 0.619453
0.704848 0.607926
0.672427 0.59557
0.633418 0.582314
0.591751 0.568087
0.551234 0.552823
0.514945 0.536459
0.484785 0.518951
0.461266 0.500275
0.443578 0.480442
0.429895 0.45951
0.417863 0.437601
0.405164 0.414902
0.390036 0.391679
0.371647 0.368261
0.350242 0.34502
0.327052 0.322334
0.303973 0.300547
0.283087 0.279926
0.266149 0.260634
0.254116 0.242727
0.246857 0.226162
0.243086 0.210824
0.240546 0.196551
0.23642 0.183163
0.227878 0.170481
0.212662 0.158339
0.189589 0.146592
0.158871 0.135119
0.12217 0.123824
0.0823958 0.11263
0.0432452 0.101483
0.00859325 0.0903463
-0.0181669 0.0791995
-0.0347085 0.0680344
-0.0401727 0.0568537
-0.035312 0.0456673
-0.0223515 0.0344891
-0.00459775 0.0233325
0.0141292 0.0122061
0.0301293 0.00110782
0.040406 -0.00998168
0.0430843 -0.0211072
0.0375972 -0.0323496
0.0246118 -0.0438393
0.00571819 -0.0557733
-0.01704 -0.0684373
-0.0416966 -0.0822311
-0.0668347 -0.097695
-0.0919046 -0.115528
-0.117317 -0.136574
-0.144296 -0.161749
-0.174517 -0.191843
-0.209613 -0.227156
-0.250655 -0.26702
-0.297712 -0.309418
-0.349599 -0.35114
-0.403873 -0.388699
-0.457085 -0.419593
-0.505261 -0.443007
-0.544514 -0.459598
-0.571691 -0.470768
-0.584916 -0.478012
-0.583937 -0.482587
-0.57021 -0.485426
-0.546687 -0.487184
-0.517366 -0.488305
-0.48667 -0.489098
-0.458777 -0.489785
-0.437011 -0.490549
-0.423426 -0.491558
-0.418626 -0.492987
-0.42186 -0.495042
-0.431368 -0.497965
-0.444876 -0.502047
-0.460157 -0.507625
-0.475537 -0.515059
-0.49023 -0.524692
-0.504453 -0.536779
-0.519299 -0.551409
-0.536387 -0.568424
-0.557385 -0.587399
-0.583501 -0.607682
-0.615055 -0.6285
-0.651231 -0.6491
-0.690069 -0.668853
-0.728702 -0.687314
-0.763812 -0.704226
-0.792203 -0.719489
-0.811396 -0.733119
-0.820113 -0.745204
-0.818565 -0.755876
-0.808478 -0.765282
-0.792835 -0.773571
-0.775402 -0.780884
-0.760086 -0.78735
-0.750291 -0.793083
-0.748343 -0.798183
-0.755125 -0.802735
-0.769973 -0.806813
-0.790847 -0.81048
-0.814747 -0.813787
-0.838294 -0.816781
-0.85834 -0.819498
-0.872523 -0.821971
-0.879633 -0.824229
-0.879746 -0.826293
-0.874089 -0.828185
-0.86469 -0.829921
-0.853878 -0.831516
-0.843747 -0.832982
-0.835698 -0.834331
-0.830151 -0.835572
-0.826493 -0.836712
-0.823266 -0.837757
-0.818557 -0.838712
-0.810515 -0.83958
-0.79787 -0.840364
-0.780359 -0.841063
-0.758946 -0.841678
-0.735803 -0.842204
-0.71402 -0.842636
-0.697116 -0.842968
-0.688422 -0.843189
-0.690459 -0.843285
-0.704432 -0.843238
-0.72994 -0.843024
-0.764947 -0.842615
-0.806051 -0.841974
-0.848972 -0.841057
-0.889198 -0.839806
-0.922658 -0.838152
-0.946295 -0.836011
-0.958455 -0.833277
-0.95901 -0.829823
-0.94921 -0.825494
-0.931302 -0.820104
-0.908001 -0.81343
-0.881915 -0.805217
-0.855059 -0.795174
-0.828531 -0.782995
-0.802425 -0.768389
-0.77599 -0.751144
-0.74799 -0.731221
-0.717182 -0.708879
-0.682813 -0.684795
-0.645007 -0.660084
-0.604973 -0.636156
-0.564965 -0.614386
-0.527998 -0.595749
-0.497366 -0.580612
-0.47606 -0.568784
-0.466187 -0.559721
-0.468512 -0.552765
-0.48223 -0.547294
-0.504989 -0.542793
-0.533203 -0.538867
-0.562578 -0.535222
-0.588769 -0.531641
-0.608039 -0.527962
-0.617818 -0.524061
-0.61704 -0.519835
-0.606218 -0.515197
-0.587229 -0.510066
-0.562886 -0.504364
-0.536346 -0.498016
-0.510507 -0.490942
-0.487486 -0.483064
-0.468287 -0.474303
-0.452717 -0.464579
-0.439553 -0.453813
-0.426926 -0.441932
-0.412821 -0.42887
-0.395603 -0.414572
-0.374439 -0.398998
-0.349542 -0.382127
-0.322162 -0.363962
-0.294356 -0.344531
-0.268544 -0.323891
-0.24698 -0.302129
-0.231224 -0.279361
-0.221731 -0.255726
-0.217659 -0.231388
-0.216926 -0.206523
-0.21653 -0.181319
-0.213059 -0.155965
-0.203319 -0.130643
-0.184938 -0.105528
-0.156845 -0.0807811
-0.119527 -0.0565451
-0.0750049 -0.0329457
-0.0265387 -0.0100901
0.0218902 0.0119327
0.0662237 0.0330514
0.102978 0.0532114
0.129783 0.0723741
0.145713 0.0905159
0.151348 0.107628
0.148573 0.123713
0.14015 0.138788
0.129162 0.152877
